<?xml version="1.0" encoding="UTF-8"?>
<!-- Generated by org.testng.reporters.JUnitXMLReporter -->
<testsuite ignored="1" hostname="LAPTOP-O8GG5075" failures="0" tests="1" name="Default test" time="2.846" errors="0" timestamp="2022-08-04T12:11:12 IST">
  <testcase classname="com.Bridgelabz.WebTable" name="WebTable_Example" time="0.473"/>
  <testcase classname="com.Bridgelabz.WebTable" name="verify_sumofmarks" time="0.0">
    <ignored/>
  </testcase> <!-- verify_sumofmarks -->
</testsuite> <!-- Default test -->
