<?xml version="1.0" encoding="UTF-8"?>
<testng-results ignored="0" total="1" passed="1" failed="0" skipped="0">
  <reporter-output>
  </reporter-output>
  <suite started-at="2022-08-31T12:57:53 IST" name="Default suite" finished-at="2022-08-31T12:58:18 IST" duration-ms="24927">
    <groups>
    </groups>
    <test started-at="2022-08-31T12:57:53 IST" name="Default test" finished-at="2022-08-31T12:58:18 IST" duration-ms="24927">
      <class name="com.Bridgelabz.Facebook_login">
        <test-method signature="login()[pri:0, instance:com.Bridgelabz.Facebook_login@7a419da4]" started-at="2022-08-31T12:57:53 IST" name="login" finished-at="2022-08-31T12:58:18 IST" duration-ms="24874" status="PASS">
          <reporter-output>
          </reporter-output>
        </test-method> <!-- login -->
      </class> <!-- com.Bridgelabz.Facebook_login -->
    </test> <!-- Default test -->
  </suite> <!-- Default suite -->
</testng-results>
