<?xml version="1.0" encoding="UTF-8"?>
<testng-results ignored="1" total="2" passed="1" failed="0" skipped="0">
  <reporter-output>
  </reporter-output>
  <suite started-at="2022-08-04T12:11:09 IST" name="Default suite" finished-at="2022-08-04T12:11:12 IST" duration-ms="2846">
    <groups>
    </groups>
    <test started-at="2022-08-04T12:11:09 IST" name="Default test" finished-at="2022-08-04T12:11:12 IST" duration-ms="2846">
      <class name="com.Bridgelabz.WebTable">
        <test-method is-config="true" signature="launchBrowser()[pri:0, instance:com.Bridgelabz.WebTable@618425b5]" started-at="2022-08-04T12:11:09 IST" name="launchBrowser" finished-at="2022-08-04T12:11:11 IST" duration-ms="2327" status="PASS">
          <reporter-output>
          </reporter-output>
        </test-method> <!-- launchBrowser -->
        <test-method signature="WebTable_Example()[pri:0, instance:com.Bridgelabz.WebTable@618425b5]" started-at="2022-08-04T12:11:11 IST" name="WebTable_Example" finished-at="2022-08-04T12:11:12 IST" duration-ms="473" status="PASS">
          <reporter-output>
          </reporter-output>
        </test-method> <!-- WebTable_Example -->
      </class> <!-- com.Bridgelabz.WebTable -->
    </test> <!-- Default test -->
  </suite> <!-- Default suite -->
</testng-results>
